<?xml version="1.0" encoding="UTF-8"?>
<!-- Generated by org.testng.reporters.JUnitReportReporter -->
<testsuite hostname="Jishu" failures="0" tests="1" name="tc_Repositary.Assignment" time="20.688" errors="0" timestamp="2024-09-01T00:56:10 IST" skipped="0">
  <testcase classname="tc_Repositary.Assignment" name="ass" time="20.688"/>
  <system-out/>
</testsuite> <!-- tc_Repositary.Assignment -->
